INFO:ObjectDetection.Open3D_ML.ml3d.torch.pipelines.object_detection:Loading checkpoint ./logs/pointpillars_waymo_202211200158utc_seed2_gpu16.pth
INFO:ObjectDetection.Open3D_ML.ml3d.torch.pipelines.object_detection:DEVICE : cuda
INFO:ObjectDetection.Open3D_ML.ml3d.torch.pipelines.object_detection:Logging in file : ./logs/PointPillars_MyDataset_torch/log_valid_2024-04-22_20-59-46.txt
INFO:ObjectDetection.Open3D_ML.ml3d.torch.pipelines.object_detection:Started validation
INFO:ObjectDetection.Open3D_ML.ml3d.torch.pipelines.object_detection:validation -  loss_cls: 0.012 loss_bbox: 0.000 loss_dir: 0.000 > loss: 0.012
INFO:ObjectDetection.Open3D_ML.ml3d.torch.pipelines.object_detection:
INFO:ObjectDetection.Open3D_ML.ml3d.torch.pipelines.object_detection:=============== mAP BEV ===============
INFO:ObjectDetection.Open3D_ML.ml3d.torch.pipelines.object_detection:class \ difficulty      0     1     2 
INFO:ObjectDetection.Open3D_ML.ml3d.torch.pipelines.object_detection:VEHICLE:              0.00  0.00  0.00 
INFO:ObjectDetection.Open3D_ML.ml3d.torch.pipelines.object_detection:PEDESTRIAN:           0.00  0.00  0.00 
INFO:ObjectDetection.Open3D_ML.ml3d.torch.pipelines.object_detection:CYCLIST:              0.00  0.00  0.00 
INFO:ObjectDetection.Open3D_ML.ml3d.torch.pipelines.object_detection:Overall: 0.00
INFO:ObjectDetection.Open3D_ML.ml3d.torch.pipelines.object_detection:
INFO:ObjectDetection.Open3D_ML.ml3d.torch.pipelines.object_detection:=============== mAP  3D ===============
INFO:ObjectDetection.Open3D_ML.ml3d.torch.pipelines.object_detection:class \ difficulty      0     1     2 
INFO:ObjectDetection.Open3D_ML.ml3d.torch.pipelines.object_detection:VEHICLE:              0.00  0.00  0.00 
INFO:ObjectDetection.Open3D_ML.ml3d.torch.pipelines.object_detection:PEDESTRIAN:           0.00  0.00  0.00 
INFO:ObjectDetection.Open3D_ML.ml3d.torch.pipelines.object_detection:CYCLIST:              0.00  0.00  0.00 
INFO:ObjectDetection.Open3D_ML.ml3d.torch.pipelines.object_detection:Overall: 0.00
INFO:ObjectDetection.Open3D_ML.ml3d.torch.pipelines.object_detection:Loading checkpoint ./logs/pointpillars_waymo_202211200158utc_seed2_gpu16.pth
INFO:ObjectDetection.Open3D_ML.ml3d.torch.pipelines.object_detection:DEVICE : cuda
INFO:ObjectDetection.Open3D_ML.ml3d.torch.pipelines.object_detection:Logging in file : ./logs/PointPillars_MyDataset_torch/log_valid_2024-04-22_21-01-32.txt
INFO:ObjectDetection.Open3D_ML.ml3d.torch.pipelines.object_detection:Started validation
INFO:ObjectDetection.Open3D_ML.ml3d.torch.pipelines.object_detection:Loading checkpoint ./logs/pointpillars_waymo_202211200158utc_seed2_gpu16.pth
INFO:ObjectDetection.Open3D_ML.ml3d.torch.pipelines.object_detection:DEVICE : cuda
INFO:ObjectDetection.Open3D_ML.ml3d.torch.pipelines.object_detection:Logging in file : ./logs/PointPillars_MyDataset_torch/log_valid_2024-04-26_10-03-32.txt
INFO:ObjectDetection.Open3D_ML.ml3d.torch.pipelines.object_detection:Started validation
INFO:ObjectDetection.Open3D_ML.ml3d.torch.pipelines.object_detection:Loading checkpoint ./logs/pointpillars_waymo_202211200158utc_seed2_gpu16.pth
INFO:ObjectDetection.Open3D_ML.ml3d.torch.pipelines.object_detection:DEVICE : cuda
INFO:ObjectDetection.Open3D_ML.ml3d.torch.pipelines.object_detection:Logging in file : ./logs/PointPillars_MyDataset_torch/log_valid_2024-04-26_10-08-17.txt
INFO:ObjectDetection.Open3D_ML.ml3d.torch.pipelines.object_detection:Started validation
INFO:ObjectDetection.Open3D_ML.ml3d.torch.pipelines.object_detection:Loading checkpoint ./logs/pointpillars_waymo_202211200158utc_seed2_gpu16.pth
INFO:ObjectDetection.Open3D_ML.ml3d.torch.pipelines.object_detection:DEVICE : cuda
INFO:ObjectDetection.Open3D_ML.ml3d.torch.pipelines.object_detection:Logging in file : ./logs/PointPillars_MyDataset_torch/log_valid_2024-04-26_10-15-48.txt
INFO:ObjectDetection.Open3D_ML.ml3d.torch.pipelines.object_detection:Started validation
INFO:ObjectDetection.Open3D_ML.ml3d.torch.pipelines.object_detection:validation -  loss_cls: 0.012 loss_bbox: 0.000 loss_dir: 0.000 > loss: 0.012
INFO:ObjectDetection.Open3D_ML.ml3d.torch.pipelines.object_detection:Loading checkpoint ./logs/pointpillars_waymo_202211200158utc_seed2_gpu16.pth
INFO:ObjectDetection.Open3D_ML.ml3d.torch.pipelines.object_detection:Loading checkpoint ./logs/pointpillars_waymo_202211200158utc_seed2_gpu16.pth
INFO:ObjectDetection.Open3D_ML.ml3d.torch.pipelines.object_detection:DEVICE : cuda
INFO:ObjectDetection.Open3D_ML.ml3d.torch.pipelines.object_detection:Logging in file : ./logs/PointPillars_MyDataset_torch/log_valid_2024-04-26_10-34-38.txt
INFO:ObjectDetection.Open3D_ML.ml3d.torch.pipelines.object_detection:Started validation
INFO:ObjectDetection.Open3D_ML.ml3d.torch.pipelines.object_detection:Loading checkpoint ./logs/pointpillars_waymo_202211200158utc_seed2_gpu16.pth
INFO:ObjectDetection.Open3D_ML.ml3d.torch.pipelines.object_detection:DEVICE : cuda
INFO:ObjectDetection.Open3D_ML.ml3d.torch.pipelines.object_detection:Logging in file : ./logs/PointPillars_MyDataset_torch/log_valid_2024-04-26_10-42-00.txt
INFO:ObjectDetection.Open3D_ML.ml3d.torch.pipelines.object_detection:Started validation
INFO:ObjectDetection.Open3D_ML.ml3d.torch.pipelines.object_detection:validation -  loss_cls: 1.223 loss_bbox: 5.680 loss_dir: 0.345 > loss: 7.249
INFO:ObjectDetection.Open3D_ML.ml3d.torch.pipelines.object_detection:
INFO:ObjectDetection.Open3D_ML.ml3d.torch.pipelines.object_detection:=============== mAP BEV ===============
INFO:ObjectDetection.Open3D_ML.ml3d.torch.pipelines.object_detection:class \ difficulty      0     1     2 
INFO:ObjectDetection.Open3D_ML.ml3d.torch.pipelines.object_detection:VEHICLE:             28.41 28.41 28.41 
INFO:ObjectDetection.Open3D_ML.ml3d.torch.pipelines.object_detection:PEDESTRIAN:           0.00  0.00  0.00 
INFO:ObjectDetection.Open3D_ML.ml3d.torch.pipelines.object_detection:CYCLIST:              0.00  0.00  0.00 
INFO:ObjectDetection.Open3D_ML.ml3d.torch.pipelines.object_detection:Overall: 9.47
INFO:ObjectDetection.Open3D_ML.ml3d.torch.pipelines.object_detection:
INFO:ObjectDetection.Open3D_ML.ml3d.torch.pipelines.object_detection:=============== mAP  3D ===============
INFO:ObjectDetection.Open3D_ML.ml3d.torch.pipelines.object_detection:class \ difficulty      0     1     2 
INFO:ObjectDetection.Open3D_ML.ml3d.torch.pipelines.object_detection:VEHICLE:              4.51  4.51  4.51 
INFO:ObjectDetection.Open3D_ML.ml3d.torch.pipelines.object_detection:PEDESTRIAN:           0.00  0.00  0.00 
INFO:ObjectDetection.Open3D_ML.ml3d.torch.pipelines.object_detection:CYCLIST:              0.00  0.00  0.00 
INFO:ObjectDetection.Open3D_ML.ml3d.torch.pipelines.object_detection:Overall: 1.50
INFO:ObjectDetection.Open3D_ML.ml3d.torch.pipelines.object_detection:Loading checkpoint ./logs/pointrcnn_kitti_202105071146utc.pth
INFO:ObjectDetection.Open3D_ML.ml3d.torch.pipelines.object_detection:Loading checkpoint ./logs/pointpillars_waymo_202211200158utc_seed2_gpu16.pth
INFO:ObjectDetection.Open3D_ML.ml3d.torch.pipelines.object_detection:DEVICE : cuda
INFO:ObjectDetection.Open3D_ML.ml3d.torch.pipelines.object_detection:Logging in file : ./logs/PointPillars_MyDataset_torch/log_valid_2024-04-26_11-08-08.txt
INFO:ObjectDetection.Open3D_ML.ml3d.torch.pipelines.object_detection:Started validation
INFO:ObjectDetection.Open3D_ML.ml3d.torch.pipelines.object_detection:validation -  loss_cls: 1.713 loss_bbox: 5.690 loss_dir: 0.340 > loss: 7.742
INFO:ObjectDetection.Open3D_ML.ml3d.torch.pipelines.object_detection:
INFO:ObjectDetection.Open3D_ML.ml3d.torch.pipelines.object_detection:=============== mAP BEV ===============
INFO:ObjectDetection.Open3D_ML.ml3d.torch.pipelines.object_detection:class \ difficulty      0     1     2 
INFO:ObjectDetection.Open3D_ML.ml3d.torch.pipelines.object_detection:VEHICLE:              0.28  0.28  0.28 
INFO:ObjectDetection.Open3D_ML.ml3d.torch.pipelines.object_detection:PEDESTRIAN:           0.00  0.00  0.00 
INFO:ObjectDetection.Open3D_ML.ml3d.torch.pipelines.object_detection:CYCLIST:              0.00  0.00  0.00 
INFO:ObjectDetection.Open3D_ML.ml3d.torch.pipelines.object_detection:Overall: 0.09
INFO:ObjectDetection.Open3D_ML.ml3d.torch.pipelines.object_detection:
INFO:ObjectDetection.Open3D_ML.ml3d.torch.pipelines.object_detection:=============== mAP  3D ===============
INFO:ObjectDetection.Open3D_ML.ml3d.torch.pipelines.object_detection:class \ difficulty      0     1     2 
INFO:ObjectDetection.Open3D_ML.ml3d.torch.pipelines.object_detection:VEHICLE:              0.10  0.10  0.10 
INFO:ObjectDetection.Open3D_ML.ml3d.torch.pipelines.object_detection:PEDESTRIAN:           0.00  0.00  0.00 
INFO:ObjectDetection.Open3D_ML.ml3d.torch.pipelines.object_detection:CYCLIST:              0.00  0.00  0.00 
INFO:ObjectDetection.Open3D_ML.ml3d.torch.pipelines.object_detection:Overall: 0.03
INFO:ObjectDetection.Open3D_ML.ml3d.torch.pipelines.object_detection:Loading checkpoint ./logs/pointpillars_waymo_202211200158utc_seed2_gpu16.pth
INFO:ObjectDetection.Open3D_ML.ml3d.torch.pipelines.object_detection:Loading checkpoint ./logs/pointpillars_waymo_202211200158utc_seed2_gpu16.pth
INFO:ObjectDetection.Open3D_ML.ml3d.torch.pipelines.object_detection:Loading checkpoint ./logs/pointpillars_waymo_202211200158utc_seed2_gpu16.pth
INFO:ObjectDetection.Open3D_ML.ml3d.torch.pipelines.object_detection:DEVICE : cuda
INFO:ObjectDetection.Open3D_ML.ml3d.torch.pipelines.object_detection:Logging in file : ./logs/PointPillars_MyDataset_torch/log_valid_2024-04-26_11-17-01.txt
INFO:ObjectDetection.Open3D_ML.ml3d.torch.pipelines.object_detection:Started validation
INFO:ObjectDetection.Open3D_ML.ml3d.torch.pipelines.object_detection:Loading checkpoint ./logs/pointpillars_waymo_202211200158utc_seed2_gpu16.pth
INFO:ObjectDetection.Open3D_ML.ml3d.torch.pipelines.object_detection:DEVICE : cuda
INFO:ObjectDetection.Open3D_ML.ml3d.torch.pipelines.object_detection:Logging in file : ./logs/PointPillars_MyDataset_torch/log_valid_2024-04-26_11-17-26.txt
INFO:ObjectDetection.Open3D_ML.ml3d.torch.pipelines.object_detection:Started validation
INFO:ObjectDetection.Open3D_ML.ml3d.torch.pipelines.object_detection:validation -  loss_cls: 1.824 loss_bbox: 5.124 loss_dir: 0.242 > loss: 7.189
INFO:ObjectDetection.Open3D_ML.ml3d.torch.pipelines.object_detection:
INFO:ObjectDetection.Open3D_ML.ml3d.torch.pipelines.object_detection:=============== mAP BEV ===============
INFO:ObjectDetection.Open3D_ML.ml3d.torch.pipelines.object_detection:class \ difficulty      0     1     2 
INFO:ObjectDetection.Open3D_ML.ml3d.torch.pipelines.object_detection:VEHICLE:              0.00  0.00  0.00 
INFO:ObjectDetection.Open3D_ML.ml3d.torch.pipelines.object_detection:PEDESTRIAN:           0.00  0.00  0.00 
INFO:ObjectDetection.Open3D_ML.ml3d.torch.pipelines.object_detection:CYCLIST:              0.00  0.00  0.00 
INFO:ObjectDetection.Open3D_ML.ml3d.torch.pipelines.object_detection:Overall: 0.00
INFO:ObjectDetection.Open3D_ML.ml3d.torch.pipelines.object_detection:
INFO:ObjectDetection.Open3D_ML.ml3d.torch.pipelines.object_detection:=============== mAP  3D ===============
INFO:ObjectDetection.Open3D_ML.ml3d.torch.pipelines.object_detection:class \ difficulty      0     1     2 
INFO:ObjectDetection.Open3D_ML.ml3d.torch.pipelines.object_detection:VEHICLE:              0.00  0.00  0.00 
INFO:ObjectDetection.Open3D_ML.ml3d.torch.pipelines.object_detection:PEDESTRIAN:           0.00  0.00  0.00 
INFO:ObjectDetection.Open3D_ML.ml3d.torch.pipelines.object_detection:CYCLIST:              0.00  0.00  0.00 
INFO:ObjectDetection.Open3D_ML.ml3d.torch.pipelines.object_detection:Overall: 0.00
INFO:ObjectDetection.Open3D_ML.ml3d.torch.pipelines.object_detection:Loading checkpoint ./logs/pointpillars_waymo_202211200158utc_seed2_gpu16.pth
INFO:ObjectDetection.Open3D_ML.ml3d.torch.pipelines.object_detection:DEVICE : cuda
INFO:ObjectDetection.Open3D_ML.ml3d.torch.pipelines.object_detection:Logging in file : ./logs/PointPillars_MyDataset_torch/log_valid_2024-04-26_11-21-21.txt
INFO:ObjectDetection.Open3D_ML.ml3d.torch.pipelines.object_detection:Started validation
INFO:ObjectDetection.Open3D_ML.ml3d.torch.pipelines.object_detection:validation -  loss_cls: 1.223 loss_bbox: 5.686 loss_dir: 0.444 > loss: 7.354
INFO:ObjectDetection.Open3D_ML.ml3d.torch.pipelines.object_detection:
INFO:ObjectDetection.Open3D_ML.ml3d.torch.pipelines.object_detection:=============== mAP BEV ===============
INFO:ObjectDetection.Open3D_ML.ml3d.torch.pipelines.object_detection:class \ difficulty      0     1     2 
INFO:ObjectDetection.Open3D_ML.ml3d.torch.pipelines.object_detection:VEHICLE:             28.41 28.41 28.41 
INFO:ObjectDetection.Open3D_ML.ml3d.torch.pipelines.object_detection:PEDESTRIAN:           0.00  0.00  0.00 
INFO:ObjectDetection.Open3D_ML.ml3d.torch.pipelines.object_detection:CYCLIST:              0.00  0.00  0.00 
INFO:ObjectDetection.Open3D_ML.ml3d.torch.pipelines.object_detection:Overall: 9.47
INFO:ObjectDetection.Open3D_ML.ml3d.torch.pipelines.object_detection:
INFO:ObjectDetection.Open3D_ML.ml3d.torch.pipelines.object_detection:=============== mAP  3D ===============
INFO:ObjectDetection.Open3D_ML.ml3d.torch.pipelines.object_detection:class \ difficulty      0     1     2 
INFO:ObjectDetection.Open3D_ML.ml3d.torch.pipelines.object_detection:VEHICLE:              4.52  4.52  4.52 
INFO:ObjectDetection.Open3D_ML.ml3d.torch.pipelines.object_detection:PEDESTRIAN:           0.00  0.00  0.00 
INFO:ObjectDetection.Open3D_ML.ml3d.torch.pipelines.object_detection:CYCLIST:              0.00  0.00  0.00 
INFO:ObjectDetection.Open3D_ML.ml3d.torch.pipelines.object_detection:Overall: 1.51
INFO:ObjectDetection.Open3D_ML.ml3d.torch.pipelines.object_detection:Loading checkpoint ./logs/pointpillars_waymo_202211200158utc_seed2_gpu16.pth
INFO:ObjectDetection.Open3D_ML.ml3d.torch.pipelines.object_detection:DEVICE : cuda
INFO:ObjectDetection.Open3D_ML.ml3d.torch.pipelines.object_detection:Logging in file : ./logs/PointPillars_MyDataset_torch/log_valid_2024-04-26_11-37-34.txt
INFO:ObjectDetection.Open3D_ML.ml3d.torch.pipelines.object_detection:Started validation
INFO:ObjectDetection.Open3D_ML.ml3d.torch.pipelines.object_detection:Loading checkpoint ./logs/pointpillars_waymo_202211200158utc_seed2_gpu16.pth
INFO:ObjectDetection.Open3D_ML.ml3d.torch.pipelines.object_detection:DEVICE : cuda
INFO:ObjectDetection.Open3D_ML.ml3d.torch.pipelines.object_detection:Logging in file : ./logs/PointPillars_MyDataset_torch/log_valid_2024-04-26_11-41-02.txt
INFO:ObjectDetection.Open3D_ML.ml3d.torch.pipelines.object_detection:Started validation
INFO:ObjectDetection.Open3D_ML.ml3d.torch.pipelines.object_detection:Loading checkpoint ./logs/pointpillars_waymo_202211200158utc_seed2_gpu16.pth
INFO:ObjectDetection.Open3D_ML.ml3d.torch.pipelines.object_detection:DEVICE : cuda
INFO:ObjectDetection.Open3D_ML.ml3d.torch.pipelines.object_detection:Logging in file : ./logs/PointPillars_MyDataset_torch/log_valid_2024-04-26_11-45-40.txt
INFO:ObjectDetection.Open3D_ML.ml3d.torch.pipelines.object_detection:Started validation
INFO:ObjectDetection.Open3D_ML.ml3d.torch.pipelines.object_detection:Loading checkpoint ./logs/pointpillars_waymo_202211200158utc_seed2_gpu16.pth
INFO:ObjectDetection.Open3D_ML.ml3d.torch.pipelines.object_detection:DEVICE : cuda
INFO:ObjectDetection.Open3D_ML.ml3d.torch.pipelines.object_detection:Logging in file : ./logs/PointPillars_MyDataset_torch/log_valid_2024-04-26_11-57-26.txt
INFO:ObjectDetection.Open3D_ML.ml3d.torch.pipelines.object_detection:Started validation
INFO:ObjectDetection.Open3D_ML.ml3d.torch.pipelines.object_detection:Loading checkpoint ./logs/pointpillars_waymo_202211200158utc_seed2_gpu16.pth
INFO:ObjectDetection.Open3D_ML.ml3d.torch.pipelines.object_detection:Loading checkpoint ./logs/pointpillars_waymo_202211200158utc_seed2_gpu16.pth
INFO:ObjectDetection.Open3D_ML.ml3d.torch.pipelines.object_detection:Loading checkpoint ./logs/pointpillars_waymo_202211200158utc_seed2_gpu16.pth
INFO:ObjectDetection.Open3D_ML.ml3d.torch.pipelines.object_detection:DEVICE : cuda
INFO:ObjectDetection.Open3D_ML.ml3d.torch.pipelines.object_detection:Logging in file : ./logs/PointPillars_MyDataset_torch/log_valid_2024-04-26_12-05-24.txt
INFO:ObjectDetection.Open3D_ML.ml3d.torch.pipelines.object_detection:Started validation
INFO:ObjectDetection.Open3D_ML.ml3d.torch.pipelines.object_detection:validation -  loss_cls: 1.223 loss_bbox: 5.686 loss_dir: 0.444 > loss: 7.354
INFO:ObjectDetection.Open3D_ML.ml3d.torch.pipelines.object_detection:
INFO:ObjectDetection.Open3D_ML.ml3d.torch.pipelines.object_detection:=============== mAP BEV ===============
INFO:ObjectDetection.Open3D_ML.ml3d.torch.pipelines.object_detection:class \ difficulty      0     1     2 
INFO:ObjectDetection.Open3D_ML.ml3d.torch.pipelines.object_detection:VEHICLE:             28.41 28.41 28.41 
INFO:ObjectDetection.Open3D_ML.ml3d.torch.pipelines.object_detection:PEDESTRIAN:           0.00  0.00  0.00 
INFO:ObjectDetection.Open3D_ML.ml3d.torch.pipelines.object_detection:CYCLIST:              0.00  0.00  0.00 
INFO:ObjectDetection.Open3D_ML.ml3d.torch.pipelines.object_detection:Overall: 9.47
INFO:ObjectDetection.Open3D_ML.ml3d.torch.pipelines.object_detection:
INFO:ObjectDetection.Open3D_ML.ml3d.torch.pipelines.object_detection:=============== mAP  3D ===============
INFO:ObjectDetection.Open3D_ML.ml3d.torch.pipelines.object_detection:class \ difficulty      0     1     2 
INFO:ObjectDetection.Open3D_ML.ml3d.torch.pipelines.object_detection:VEHICLE:              4.52  4.52  4.52 
INFO:ObjectDetection.Open3D_ML.ml3d.torch.pipelines.object_detection:PEDESTRIAN:           0.00  0.00  0.00 
INFO:ObjectDetection.Open3D_ML.ml3d.torch.pipelines.object_detection:CYCLIST:              0.00  0.00  0.00 
INFO:ObjectDetection.Open3D_ML.ml3d.torch.pipelines.object_detection:Overall: 1.51
INFO:ObjectDetection.Open3D_ML.ml3d.torch.pipelines.object_detection:Loading checkpoint ./logs/pointpillars_waymo_202211200158utc_seed2_gpu16.pth
